<?xml version="1.0" encoding="UTF-8"?>
<testng-results ignored="0" total="1" passed="1" failed="0" skipped="0">
  <reporter-output>
  </reporter-output>
  <suite started-at="2025-11-23T11:28:49 IST" name="Default suite" finished-at="2025-11-23T11:28:52 IST" duration-ms="3113">
    <groups>
    </groups>
    <test started-at="2025-11-23T11:28:49 IST" name="Default test" finished-at="2025-11-23T11:28:52 IST" duration-ms="3113">
      <class name="Day1.HttpsResponses">
        <test-method signature="user()[pri:0, instance:Day1.HttpsResponses@4c402120]" started-at="2025-11-23T11:28:49 IST" name="user" finished-at="2025-11-23T11:28:52 IST" duration-ms="3053" status="PASS">
          <reporter-output>
          </reporter-output>
        </test-method> <!-- user -->
      </class> <!-- Day1.HttpsResponses -->
    </test> <!-- Default test -->
  </suite> <!-- Default suite -->
</testng-results>
